<?xml version="1.0" encoding="utf-8"?><testsuites><testsuite name="pytest" errors="0" failures="0" skipped="0" tests="14" time="0.041" timestamp="2021-11-28T13:51:48.203779" hostname="Ashishs-Air"><testcase classname="tests.test_math" name="test_one_plus_one" time="0.000" /><testcase classname="tests.test_math" name="test_one_minus_one_success_" time="0.000" /><testcase classname="tests.test_math" name="test_divivde_by_zero" time="0.000" /><testcase classname="tests.test_math" name="test_multiplication[2-3-6]" time="0.000" /><testcase classname="tests.test_math" name="test_multiplication[1-80-80]" time="0.000" /><testcase classname="tests.test_math" name="test_multiplication[0-80-0]" time="0.000" /><testcase classname="tests.test_math" name="test_multiplication[2--3--6]" time="0.000" /><testcase classname="tests.test_math" name="test_multiplication[-2--2-4]" time="0.000" /><testcase classname="tests.test_math" name="test_multiplication[2.5-3.5-8.75]" time="0.000" /><testcase classname="tests.test_stack" name="test_stack_init" time="0.000" /><testcase classname="tests.test_stack" name="test_stack_add_one" time="0.000" /><testcase classname="tests.test_stack" name="test_stack_add_more_than_one" time="0.000" /><testcase classname="tests.test_stack" name="test_stack_without_add" time="0.001" /><testcase classname="tests.test_stack" name="test_remove_from_stack" time="0.000" /></testsuite></testsuites>